SF:src/Gideon.jl
LH:0
LF:0
end_of_record
SF:src/algorithms/bpr.jl
DA:53,11
DA:71,11
DA:85,11
DA:86,11
DA:87,11
DA:88,11
DA:89,11
DA:109,20
DA:112,10
DA:113,10
DA:116,20
DA:117,20
DA:118,10
DA:120,10
DA:121,10
DA:127,10
DA:128,10
DA:130,10
DA:131,10
DA:132,10
DA:133,10
DA:134,502
DA:135,1957
DA:136,1957
DA:137,1957
DA:138,3430
DA:139,976
DA:142,10
DA:143,10
DA:144,493
DA:145,502
DA:146,1957
DA:147,3430
DA:148,498
DA:149,493
DA:150,976
DA:153,385
DA:154,10
DA:155,385
DA:156,760
DA:157,20
DA:158,10
DA:159,10
DA:161,10
DA:162,10
DA:164,10
DA:165,10
DA:166,10
DA:167,10
DA:168,10
DA:169,10
DA:172,10
DA:173,10
DA:175,10
DA:176,87
DA:179,348
DA:180,348
DA:182,87
DA:183,348
DA:186,348
DA:187,348
DA:188,348
DA:190,353
DA:192,22311
DA:193,22311
DA:194,22311
DA:197,22311
DA:200,18431
DA:201,20604
DA:202,2173
DA:203,2173
DA:204,18431
DA:206,3880
DA:214,22311
DA:215,151893
DA:219,22311
DA:221,22311
DA:222,14312
DA:225,22311
DA:228,22311
DA:229,151893
DA:230,151893
DA:231,151893
DA:232,151893
DA:234,151893
DA:235,151893
DA:236,151893
DA:237,281475
DA:238,44279
DA:240,348
DA:241,348
DA:244,174
DA:245,87
DA:246,87
DA:248,87
DA:249,87
DA:251,87
DA:252,0
DA:253,0
DA:254,0
DA:259,154
DA:260,0
DA:261,0
DA:264,87
DA:265,0
DA:266,0
DA:268,87
DA:270,10
DA:271,10
DA:284,3880
DA:288,0
DA:290,0
DA:291,0
DA:292,0
DA:293,0
DA:294,0
DA:297,1940
DA:299,1940
DA:300,2236
DA:301,296
DA:302,296
DA:303,1940
DA:306,1940
DA:309,1940
DA:310,1940
DA:311,1940
DA:312,1940
DA:313,1940
DA:314,23901
DA:315,21961
DA:316,21961
DA:317,21961
DA:318,19400
DA:319,19400
DA:320,19400
DA:321,97000
DA:323,19400
DA:324,5470
DA:325,5470
DA:327,21961
DA:328,1940
DA:329,0
DA:330,0
DA:331,0
DA:332,0
DA:334,1940
DA:342,2236
DA:344,2236
DA:345,14463
DA:346,12227
DA:347,12227
DA:348,5527
DA:350,6700
DA:352,12227
DA:353,2236
LH:138
LF:155
end_of_record
SF:src/algorithms/eals.jl
DA:66,5
DA:81,10
DA:91,5
DA:92,5
DA:93,5
DA:94,5
DA:95,5
DA:96,5
DA:112,10
DA:117,5
DA:118,5
DA:121,5
DA:122,2
DA:124,8
DA:126,5
DA:127,2
DA:129,8
DA:132,5
DA:133,5
DA:136,140
DA:137,5
DA:138,140
DA:139,275
DA:140,10
DA:141,10
DA:143,5
DA:144,5
DA:147,5
DA:149,5
DA:151,5
DA:153,5
DA:154,24
DA:158,24
DA:160,24
DA:166,24
DA:168,24
DA:171,24
DA:173,24
DA:174,24
DA:176,24
DA:177,0
DA:181,43
DA:182,0
DA:183,0
DA:186,24
DA:187,0
DA:188,0
DA:190,24
DA:192,5
DA:193,5
DA:202,2
DA:205,1
DA:206,0
DA:208,1
DA:209,1
DA:212,1
DA:213,0
DA:214,0
DA:215,0
DA:217,1
DA:218,0
DA:219,0
DA:220,0
DA:223,1
DA:224,1
DA:227,30
DA:228,1
DA:229,30
DA:230,59
DA:231,2
DA:232,2
DA:233,1
DA:234,1
DA:236,1
DA:237,1
DA:239,1
DA:240,2
DA:241,2
DA:242,2
DA:243,2
DA:244,3
DA:245,1
DA:255,50
DA:257,50
DA:258,50
DA:259,1440
DA:260,1440
DA:261,9360
DA:263,2830
DA:264,50
DA:265,50
DA:267,50
DA:268,370
DA:269,960
DA:270,1650
DA:271,590
DA:272,50
DA:281,26
DA:286,26
DA:287,52
DA:289,26
DA:290,1240
DA:291,1243
DA:292,1240
DA:293,1240
DA:297,1237
DA:298,1237
DA:299,300
DA:300,300
DA:304,1237
DA:305,3547
DA:307,3547
DA:308,22768
DA:309,41989
DA:310,3547
DA:311,5857
DA:314,1237
DA:317,7948
DA:321,7948
DA:322,22768
DA:323,22768
DA:324,22768
DA:325,22768
DA:329,22768
DA:332,22768
DA:336,22768
DA:337,22768
DA:338,37588
DA:342,7948
DA:343,55792
DA:344,47844
DA:345,103636
DA:348,7948
DA:349,7948
DA:352,7948
DA:353,7948
DA:354,7948
DA:355,22768
DA:356,22768
DA:357,37588
DA:358,7948
DA:360,7948
DA:367,26
DA:371,26
DA:372,26
DA:373,26
DA:375,26
DA:376,52
DA:378,26
DA:379,750
DA:380,776
DA:381,750
DA:382,750
DA:384,750
DA:385,750
DA:386,104
DA:387,104
DA:391,750
DA:392,3547
DA:394,3547
DA:395,22768
DA:396,41989
DA:397,3547
DA:398,6370
DA:401,750
DA:403,4800
DA:407,4800
DA:408,33600
DA:409,28800
DA:410,62400
DA:413,4800
DA:414,22768
DA:415,22768
DA:416,22768
DA:417,22768
DA:420,22768
DA:423,22768
DA:424,22768
DA:425,40900
DA:427,4800
DA:428,4800
DA:430,4800
DA:431,4800
DA:432,4800
DA:433,22768
DA:434,22768
DA:435,40900
DA:436,4800
DA:438,8850
DA:446,24
DA:448,24
DA:449,24
DA:452,24
DA:453,24
DA:454,24
DA:455,24
DA:456,690
DA:457,714
DA:458,3261
DA:459,3261
DA:460,3261
DA:461,3261
DA:462,21624
DA:464,3261
DA:465,5856
DA:466,1356
DA:471,24
DA:472,24
DA:473,24
DA:474,24
DA:475,156
DA:476,1104
DA:477,2052
DA:478,288
DA:481,24
DA:482,690
DA:483,714
DA:484,3261
DA:485,3261
DA:486,3261
DA:487,21624
DA:489,3261
DA:490,5856
DA:491,1356
DA:494,24
DA:496,24
LH:214
LF:226
end_of_record
SF:src/algorithms/ease.jl
DA:49,27
DA:55,27
DA:56,27
DA:57,27
DA:72,48
DA:74,24
DA:76,24
DA:79,24
DA:80,24
DA:81,665
DA:82,1306
DA:84,24
DA:87,24
DA:88,48
DA:92,24
DA:93,24
DA:94,665
DA:95,665
DA:96,22925
DA:97,45185
DA:98,665
DA:99,1306
DA:101,24
DA:102,24
DA:104,24
DA:105,24
DA:118,28
DA:119,14
DA:120,14
DA:121,14
DA:122,14
DA:125,14
DA:126,14
DA:127,14
DA:129,14
DA:130,28
DA:132,14
DA:133,601
DA:135,602
DA:136,1638
DA:137,1638
DA:138,2676
DA:140,601
DA:141,601
DA:142,15665
DA:143,601
DA:144,3005
DA:145,5409
DA:147,14
DA:155,1
DA:156,1
DA:157,1
LH:52
LF:52
end_of_record
SF:src/algorithms/fm.jl
DA:39,18
DA:58,18
DA:70,18
DA:71,18
DA:72,18
DA:89,34656
DA:93,2356
DA:94,2356
DA:95,2356
DA:97,2356
DA:98,18
DA:99,18
DA:100,36
DA:101,36
DA:102,144
DA:103,672
DA:104,18
DA:106,2356
DA:108,2356
DA:109,2356
DA:110,2356
DA:111,2356
DA:114,2356
DA:115,2356
DA:117,2356
DA:118,34325
DA:120,32300
DA:122,32300
DA:123,151584
DA:124,151584
DA:125,151584
DA:126,272893
DA:129,137700
DA:130,137700
DA:131,32300
DA:132,151584
DA:133,151584
DA:134,151584
DA:135,734220
DA:136,734220
DA:137,734220
DA:138,1316856
DA:139,272893
DA:140,32300
DA:141,32300
DA:142,137700
DA:143,243100
DA:144,32300
DA:147,32300
DA:148,8100
DA:149,8100
DA:151,24200
DA:155,32300
DA:156,32300
DA:159,32300
DA:160,151584
DA:161,151584
DA:162,151584
DA:163,151584
DA:164,151584
DA:165,272893
DA:167,32300
DA:168,151584
DA:169,151584
DA:170,151584
DA:171,734220
DA:172,734220
DA:173,734220
DA:174,1316856
DA:175,272893
DA:176,62244
DA:178,2356
DA:179,0
DA:180,0
DA:183,2356
DA:191,36
DA:193,18
DA:194,18
DA:196,18
DA:197,2356
DA:198,32300
DA:199,2356
DA:200,2356
DA:203,2356
DA:204,36
DA:205,36
DA:206,0
DA:208,72
DA:210,36
DA:211,0
DA:213,36
DA:214,1
DA:215,1
DA:217,35
DA:218,2320
DA:219,0
DA:222,2355
DA:223,18
DA:237,51
DA:238,51
DA:239,51
DA:240,51
DA:242,51
DA:243,51
DA:244,51
DA:245,51
DA:247,51
DA:248,51
DA:249,3985
DA:250,3970
DA:252,3970
DA:253,23630
DA:254,23630
DA:255,43305
DA:257,3970
DA:258,3970
DA:259,19800
DA:260,19800
DA:261,19800
DA:262,118120
DA:263,118120
DA:264,118120
DA:265,118120
DA:266,118120
DA:267,216510
DA:268,19800
DA:269,35630
DA:270,3970
DA:272,3970
DA:273,50
DA:275,3920
DA:277,7889
DA:278,51
LH:128
LF:133
end_of_record
SF:src/algorithms/ftrl.jl
DA:41,12
DA:56,22
DA:67,12
DA:68,12
DA:69,12
DA:70,12
DA:71,12
DA:72,12
DA:73,12
DA:88,8357
DA:91,38
DA:92,38
DA:93,38
DA:94,38
DA:96,38
DA:97,12
DA:98,1053
DA:99,1053
DA:100,12
DA:102,38
DA:104,38
DA:106,38
DA:107,38
DA:108,38
DA:109,38
DA:110,38
DA:111,38
DA:112,38
DA:113,38
DA:114,38
DA:115,38
DA:117,38
DA:118,38
DA:120,38
DA:122,17301
DA:123,17301
DA:125,17301
DA:126,171386
DA:127,171386
DA:128,171386
DA:129,4523
DA:131,329601
DA:132,166863
DA:133,325471
DA:134,29478
DA:137,17301
DA:139,17301
DA:140,171386
DA:141,171386
DA:142,171386
DA:144,342478
DA:145,171386
DA:146,171386
DA:147,171386
DA:148,325471
DA:149,34564
DA:151,38
DA:152,0
DA:153,0
DA:156,38
DA:164,12
DA:166,6
DA:167,6
DA:168,19
DA:169,8300
DA:170,19
DA:171,19
DA:172,19
DA:173,0
DA:176,32
DA:177,6
DA:192,9
DA:193,9
DA:194,9
DA:195,9
DA:197,9
DA:198,9
DA:199,9
DA:200,9
DA:201,9
DA:203,9
DA:204,9
DA:205,4100
DA:206,4100
DA:207,40472
DA:208,40472
DA:209,76844
DA:210,4100
DA:211,8191
DA:212,9
DA:220,16
DA:221,16
DA:222,16
DA:223,16
DA:224,16
DA:225,16
DA:226,16
DA:227,16
DA:228,1403
DA:229,2790
DA:230,16
DA:238,339652
DA:239,8292
DA:241,331360
DA:242,331360
LH:102
LF:105
end_of_record
SF:src/algorithms/glove.jl
DA:43,9
DA:66,18
DA:77,9
DA:78,9
DA:79,9
DA:80,9
DA:81,9
DA:101,18
DA:104,9
DA:105,9
DA:106,4939
DA:108,9
DA:111,18
DA:112,18
DA:113,18
DA:114,18
DA:115,2480
DA:116,2480
DA:117,420
DA:118,420
DA:119,9
DA:122,9
DA:123,9
DA:125,9
DA:127,9
DA:128,278
DA:129,278
DA:130,0
DA:132,556
DA:134,278
DA:136,278
DA:137,0
DA:140,278
DA:141,278
DA:142,278
DA:143,278
DA:145,278
DA:146,0
DA:150,547
DA:151,0
DA:152,0
DA:155,278
DA:156,0
DA:157,0
DA:159,278
DA:160,9
DA:161,9
DA:164,278
DA:165,278
DA:166,278
DA:167,278
DA:168,278
DA:169,278
DA:171,278
DA:172,278
DA:173,278
DA:174,278
DA:175,278
DA:176,278
DA:177,278
DA:178,278
DA:181,278
DA:182,2356
DA:185,278
DA:222,278
DA:230,6
DA:231,6
DA:232,6
DA:241,0
DA:242,0
DA:243,0
DA:244,0
LH:61
LF:72
end_of_record
SF:src/algorithms/ials.jl
DA:55,20
DA:69,40
DA:80,20
DA:81,20
DA:82,20
DA:83,20
DA:84,20
DA:85,20
DA:86,20
DA:102,28
DA:107,14
DA:108,14
DA:109,14
DA:110,14
DA:113,14
DA:114,1
DA:116,26
DA:118,14
DA:119,1
DA:121,26
DA:124,14
DA:125,14
DA:128,14
DA:131,14
DA:134,14
DA:135,14
DA:136,28
DA:138,28
DA:139,28
DA:140,28
DA:142,14
DA:143,14
DA:144,14
DA:146,14
DA:147,14
DA:149,14
DA:150,83
DA:153,83
DA:154,5
DA:158,78
DA:163,83
DA:164,5
DA:168,78
DA:173,83
DA:175,83
DA:176,83
DA:178,83
DA:179,0
DA:183,152
DA:184,1
DA:185,1
DA:188,82
DA:189,0
DA:190,0
DA:192,82
DA:194,14
DA:195,14
DA:205,78
DA:211,78
DA:212,78
DA:213,78
DA:216,78
DA:217,78
DA:218,78
DA:219,386
DA:220,694
DA:222,78
DA:264,78
DA:270,78
DA:271,78
DA:272,78
DA:275,78
DA:276,78
DA:277,78
DA:278,386
DA:279,694
DA:281,78
DA:328,5
DA:338,5
DA:339,5
DA:340,5
DA:343,5
DA:344,5
DA:345,80
DA:346,5
DA:347,80
DA:348,155
DA:350,5
DA:351,250
DA:352,250
DA:353,250
DA:354,250
DA:355,250
DA:356,250
DA:357,250
DA:361,4000
DA:362,250
DA:363,970
DA:364,970
DA:365,970
DA:366,970
DA:367,970
DA:368,970
DA:369,15520
DA:370,15520
DA:372,1690
DA:375,250
DA:377,250
DA:379,0
DA:380,0
DA:383,250
DA:384,250
DA:387,250
DA:389,250
DA:390,250
DA:391,250
DA:392,970
DA:394,250
DA:396,250
DA:397,4000
DA:398,4000
DA:400,250
DA:402,250
DA:404,1171
DA:405,1171
DA:406,1171
DA:407,4692
DA:409,1171
DA:411,1171
DA:412,1171
DA:413,1025
DA:414,1025
DA:415,16400
DA:416,16400
DA:418,1025
DA:419,1025
DA:420,1009
DA:421,1009
DA:422,16144
DA:425,1009
DA:429,5
DA:439,5
DA:440,5
DA:441,5
DA:443,5
DA:444,5
DA:445,80
DA:446,5
DA:447,80
DA:448,155
DA:450,5
DA:451,200
DA:452,200
DA:453,200
DA:454,200
DA:455,200
DA:456,200
DA:457,200
DA:461,3200
DA:462,205
DA:463,970
DA:464,970
DA:465,970
DA:466,970
DA:467,970
DA:468,970
DA:469,15520
DA:470,15520
DA:472,1745
DA:474,200
DA:476,200
DA:477,80
DA:478,5
DA:481,195
DA:482,195
DA:483,195
DA:486,195
DA:487,195
DA:488,195
DA:489,970
DA:491,195
DA:493,195
DA:494,3120
DA:495,3120
DA:497,195
DA:499,195
DA:501,975
DA:502,975
DA:503,975
DA:504,4850
DA:506,975
DA:508,975
DA:509,975
DA:510,975
DA:511,975
DA:512,15600
DA:513,15600
DA:515,975
DA:516,975
DA:517,975
DA:518,975
DA:519,15600
DA:522,975
DA:526,83
DA:528,83
DA:529,83
DA:530,83
DA:531,83
DA:533,83
DA:534,3656
DA:535,13658
DA:536,13658
DA:537,13658
DA:538,13658
DA:539,88595
DA:541,13658
DA:542,13658
DA:543,24342
DA:544,6547
DA:545,83
LH:215
LF:220
end_of_record
SF:src/algorithms/lmf.jl
DA:35,7
DA:48,14
DA:59,7
DA:60,7
DA:61,7
DA:62,7
DA:63,7
DA:64,7
DA:74,14
DA:77,7
DA:78,7
DA:81,7
DA:82,14
DA:83,14
DA:85,7
DA:86,7
DA:89,7
DA:90,7
DA:92,7
DA:93,7
DA:94,7
DA:95,7
DA:96,7
DA:97,566
DA:98,1198
DA:99,1198
DA:100,1198
DA:101,1198
DA:102,2042
DA:103,913
DA:106,7
DA:107,7
DA:108,460
DA:109,566
DA:110,1198
DA:111,2042
DA:112,460
DA:113,460
DA:114,913
DA:116,7
DA:117,7
DA:118,7
DA:119,7
DA:120,7
DA:122,7
DA:125,7
DA:126,7
DA:128,7
DA:129,50
DA:132,200
DA:134,50
DA:135,200
DA:137,200
DA:138,200
DA:139,200
DA:141,210
DA:143,9304
DA:144,9304
DA:145,9304
DA:146,9304
DA:147,9304
DA:152,9304
DA:153,46146
DA:155,9304
DA:156,9304
DA:158,9304
DA:159,46146
DA:160,46146
DA:161,46146
DA:162,46146
DA:163,82988
DA:165,18608
DA:169,9304
DA:170,9304
DA:171,39156
DA:172,43437
DA:173,4281
DA:174,4281
DA:175,39156
DA:179,39156
DA:180,194284
DA:182,39156
DA:184,39156
DA:185,194284
DA:186,194284
DA:187,194284
DA:188,194284
DA:189,349412
DA:191,78312
DA:192,69008
DA:193,18418
DA:195,200
DA:198,100
DA:200,50
DA:201,50
DA:202,50
DA:203,0
DA:207,93
DA:208,1
DA:209,1
DA:212,49
DA:213,0
DA:214,0
DA:216,49
DA:217,7
DA:218,7
LH:103
LF:106
end_of_record
SF:src/algorithms/slim.jl
DA:37,7
DA:47,7
DA:55,7
DA:56,7
DA:57,7
DA:58,7
DA:72,14
DA:74,7
DA:77,7
DA:78,7
DA:80,7
DA:83,7
DA:85,7
DA:86,130
DA:90,14
DA:91,7
DA:93,7
DA:94,7
DA:95,7
DA:96,7
DA:102,130
DA:104,130
DA:105,130
DA:106,130
DA:107,130
DA:108,130
DA:111,2450
DA:112,2450
DA:116,260
DA:117,130
DA:119,130
DA:120,802
DA:122,802
DA:123,14980
DA:126,14178
DA:129,14178
DA:131,14178
DA:132,14178
DA:134,0
DA:138,14178
DA:139,14178
DA:140,5578
DA:141,104605
DA:143,5578
DA:144,5578
DA:145,5578
DA:146,5578
DA:147,1585
DA:150,29158
DA:152,802
DA:153,672
DA:156,130
DA:160,11720
DA:161,11668
DA:162,52
DA:163,0
DA:165,52
DA:178,4
DA:179,2
DA:180,2
DA:181,2
DA:182,2
DA:185,2
DA:186,2
DA:187,2
DA:188,2
DA:190,2
DA:191,4
DA:192,2
DA:194,2
DA:195,70
DA:196,70
DA:199,70
DA:200,1400
DA:204,88
DA:205,557
DA:206,557
DA:207,1062
DA:210,72
DA:211,204
DA:212,204
DA:213,340
DA:215,70
DA:216,1050
DA:217,70
DA:218,350
DA:219,630
DA:221,2
DA:229,1
DA:230,1
DA:231,1
LH:89
LF:91
end_of_record
SF:src/algorithms/soft_impute.jl
DA:48,8
DA:63,16
DA:72,8
DA:73,8
DA:74,8
DA:75,8
DA:76,8
DA:90,16
DA:93,8
DA:94,8
DA:97,8
DA:98,8
DA:99,8
DA:100,8
DA:101,38
DA:103,8
DA:105,8
DA:106,1192
DA:108,1192
DA:109,20
DA:110,20
DA:111,20
DA:112,20
DA:113,40
DA:115,20
DA:116,20
DA:117,20
DA:118,20
DA:119,40
DA:120,20
DA:123,2344
DA:124,1172
DA:125,2344
DA:127,2344
DA:128,1172
DA:129,1172
DA:130,1172
DA:131,2344
DA:133,1172
DA:134,1172
DA:135,2344
DA:137,2344
DA:138,1172
DA:139,1172
DA:140,1172
DA:141,2344
DA:142,1172
DA:145,1192
DA:146,1192
DA:147,1192
DA:149,1192
DA:150,0
DA:155,2376
DA:156,2
DA:157,2
DA:160,1190
DA:161,0
DA:162,0
DA:164,1190
DA:166,8
DA:167,16
DA:168,8
DA:169,8
DA:170,8
DA:171,16
DA:172,8
DA:174,0
DA:175,0
DA:176,0
DA:180,16
DA:181,16
DA:182,8
DA:183,8
DA:191,2344
DA:192,2344
DA:193,2344
DA:194,2344
DA:195,2344
DA:196,2344
DA:197,62160
DA:198,591992
DA:199,591992
DA:200,591992
DA:201,2757760
DA:202,4923528
DA:203,591992
DA:204,591992
DA:205,1121824
DA:206,121976
DA:207,2344
LH:84
LF:90
end_of_record
SF:src/algorithms/wrmf.jl
DA:61,32
DA:75,62
DA:87,32
DA:88,32
DA:89,32
DA:90,32
DA:91,32
DA:92,32
DA:93,32
DA:115,62
DA:120,31
DA:121,31
DA:124,33
DA:125,33
DA:128,31
DA:130,31
DA:132,31
DA:133,511
DA:136,511
DA:138,511
DA:140,511
DA:141,511
DA:142,511
DA:144,511
DA:145,0
DA:149,991
DA:150,8
DA:151,8
DA:154,503
DA:155,0
DA:156,0
DA:158,503
DA:159,31
DA:160,31
DA:167,1025
DA:174,1025
DA:177,443
DA:179,582
DA:184,582
DA:191,582
DA:192,582
DA:193,582
DA:194,582
DA:195,582
DA:198,582
DA:199,582
DA:200,2600
DA:202,582
DA:203,582
DA:206,582
DA:207,582
DA:208,1164
DA:210,582
DA:211,45622
DA:212,45622
DA:213,45622
DA:216,91244
DA:217,45622
DA:218,200728
DA:219,355834
DA:220,200728
DA:222,47679
DA:223,184202
DA:224,184202
DA:225,184202
DA:227,184202
DA:228,176044
DA:229,176044
DA:230,176044
DA:232,8158
DA:234,324839
DA:237,200728
DA:240,45622
DA:241,45622
DA:243,45622
DA:244,1260
DA:245,1295
DA:248,45622
DA:258,2520
DA:263,2520
DA:264,5580
DA:265,5580
DA:266,2485
DA:267,5222
DA:268,5222
DA:269,5222
DA:270,5222
DA:271,5222
DA:272,5222
DA:273,5222
DA:275,0
DA:277,9219
DA:278,5580
DA:281,1260
DA:282,8583
DA:283,8583
DA:284,38260
DA:285,38260
DA:286,38260
DA:287,38260
DA:288,67937
DA:289,8583
DA:290,7323
DA:295,443
DA:302,443
DA:303,443
DA:304,443
DA:305,443
DA:306,443
DA:309,443
DA:310,443
DA:311,1968
DA:312,886
DA:313,1968
DA:315,443
DA:316,443
DA:319,443
DA:320,886
DA:321,886
DA:322,886
DA:323,886
DA:324,886
DA:325,886
DA:326,886
DA:328,443
DA:329,37368
DA:330,37368
DA:331,37368
DA:332,37368
DA:334,166319
DA:335,38305
DA:336,37368
DA:338,37368
DA:339,155519
DA:340,155519
DA:341,155519
DA:342,155519
DA:343,155519
DA:344,155519
DA:345,155519
DA:347,0
DA:348,0
DA:350,274607
DA:352,37368
DA:353,37368
DA:366,37368
DA:377,37368
DA:378,37368
DA:379,166319
DA:380,166319
DA:381,295270
DA:382,37368
DA:384,37368
DA:385,146693
DA:386,146693
DA:387,146693
DA:388,145765
DA:389,145765
DA:390,145765
DA:391,145765
DA:392,145765
DA:393,115673
DA:394,115673
DA:395,521397
DA:397,115673
DA:398,115673
DA:401,184061
DA:410,184061
DA:411,184061
DA:412,184061
DA:415,181972
DA:416,181972
DA:417,782383
DA:418,782383
DA:419,782383
DA:420,782383
DA:421,782383
DA:422,3493400
DA:424,782383
DA:425,782383
DA:426,3493400
DA:428,782383
DA:430,0
DA:431,0
DA:432,0
DA:433,0
DA:434,0
DA:435,0
DA:436,0
DA:444,516
DA:445,516
DA:446,516
DA:447,516
DA:448,516
DA:449,516
DA:451,516
DA:452,516
DA:453,516
DA:455,516
DA:456,38825
DA:457,170939
DA:458,170939
DA:459,170939
DA:460,170939
DA:461,757464
DA:463,170939
DA:464,166860
DA:465,166860
DA:467,4079
DA:469,305793
DA:470,74394
DA:472,516
DA:473,516
DA:486,3
DA:487,3
DA:488,3
DA:489,3
DA:490,3
DA:491,92
DA:493,3
DA:494,3
DA:495,3
DA:504,4
DA:505,4
DA:508,4
DA:509,4
DA:511,4
DA:514,4
DA:534,1
DA:536,1
DA:537,1
LH:218
LF:231
end_of_record
SF:src/callbacks.jl
DA:25,20
DA:37,0
DA:38,0
DA:51,2
DA:57,2
DA:58,2
DA:61,9
DA:62,9
DA:63,5
DA:64,5
DA:66,4
DA:68,9
DA:77,2
DA:80,2
DA:82,7
DA:83,7
DA:93,1
DA:97,2
DA:100,5
DA:101,5
DA:102,2
DA:103,2
DA:104,2
DA:115,1
DA:119,2
DA:122,2
DA:123,2
DA:124,2
DA:125,2
DA:135,0
DA:136,0
DA:144,0
DA:145,0
DA:153,2
DA:154,2
DA:155,4
DA:156,4
DA:157,3
LH:32
LF:38
end_of_record
SF:src/crossval.jl
DA:13,22
DA:16,11
DA:18,11
DA:19,11
DA:20,11
DA:22,11
DA:23,11
DA:26,22
DA:27,11
DA:28,380
DA:29,2555
DA:30,4730
DA:31,749
DA:33,11
DA:34,600
DA:35,600
DA:36,600
DA:38,600
DA:39,600
DA:41,30
DA:42,30
DA:43,30
DA:44,30
DA:48,570
DA:49,570
DA:50,2525
DA:51,2525
DA:52,1033
DA:54,1492
DA:56,2525
DA:57,1189
DA:59,11
DA:60,11
DA:61,11
DA:87,6
DA:92,3
DA:94,3
DA:96,3
DA:97,7
DA:100,7
DA:101,7
DA:102,7
DA:103,7
DA:104,7
DA:105,11
DA:107,6
DA:108,6
DA:110,3
DA:137,2
DA:144,1
DA:147,1
DA:148,1
DA:149,1
DA:151,1
DA:152,1
DA:153,1
DA:155,1
DA:156,2
DA:158,2
DA:159,2
DA:160,2
DA:161,2
DA:162,2
DA:163,4
DA:165,2
DA:166,1
DA:167,1
DA:170,2
DA:172,0
DA:173,0
DA:175,2
DA:177,1
DA:202,2
DA:210,1
DA:212,1
DA:213,1
DA:214,1
DA:215,1
DA:217,1
DA:219,3
DA:220,3
DA:222,3
DA:223,3
DA:224,3
DA:225,3
DA:226,3
DA:227,3
DA:229,3
DA:230,1
DA:231,1
DA:234,3
DA:236,0
DA:237,0
DA:239,5
DA:241,1
LH:91
LF:95
end_of_record
SF:src/metrics/ranking.jl
DA:18,22
DA:21,22
DA:22,22
DA:23,22
DA:24,22
DA:25,22
DA:26,653
DA:28,22
DA:36,26
DA:39,13
DA:40,13
DA:43,653
DA:45,653
DA:46,653
DA:48,624
DA:49,624
DA:50,624
DA:51,624
DA:52,3097
DA:53,6194
DA:54,200
DA:55,200
DA:57,5570
DA:58,624
DA:69,7
DA:72,7
DA:73,7
DA:74,7
DA:75,7
DA:76,7
DA:77,9
DA:79,7
DA:82,9
DA:84,9
DA:85,9
DA:87,9
DA:88,9
DA:91,9
DA:92,9
DA:93,29
DA:94,48
DA:95,29
DA:96,49
DA:99,9
DA:100,9
DA:101,9
DA:102,9
DA:103,21
DA:104,33
DA:106,9
DA:116,8
DA:119,8
DA:120,8
DA:121,8
DA:122,8
DA:123,8
DA:124,8
DA:126,8
DA:129,8
DA:131,8
DA:132,8
DA:134,7
DA:135,7
DA:136,7
DA:137,38
DA:138,9
DA:140,31
DA:141,7
DA:151,5
DA:154,5
DA:155,5
DA:156,5
DA:157,5
DA:158,5
DA:160,5
DA:161,5
DA:162,1
DA:163,1
DA:165,4
DA:167,4
DA:168,62
DA:169,7
DA:171,58
DA:172,4
DA:175,5
DA:185,42
DA:190,666
DA:191,666
DA:194,9
DA:195,9
DA:196,9
DA:197,9
DA:198,9
DA:199,18
DA:200,9
LH:95
LF:95
end_of_record
SF:src/precompile.jl
LH:0
LF:0
end_of_record
SF:src/progress.jl
DA:12,88
DA:18,88
DA:19,88
DA:28,2239
DA:29,2239
DA:30,2239
DA:31,2141
DA:32,1785
DA:33,1785
DA:34,1785
DA:43,2239
DA:52,0
DA:53,0
DA:54,0
DA:55,0
DA:57,0
DA:66,0
DA:69,0
DA:70,0
DA:73,0
DA:74,0
DA:76,0
LH:11
LF:22
end_of_record
SF:src/serialization.jl
DA:20,5
DA:21,7
DA:22,7
DA:23,7
DA:25,7
DA:26,7
DA:27,7
DA:29,7
DA:47,8
DA:48,9
DA:49,7
DA:50,7
DA:51,8
DA:54,6
DA:55,12
DA:56,6
DA:57,6
DA:58,6
DA:59,6
LH:19
LF:19
end_of_record
SF:src/sparse_utils.jl
DA:10,1
DA:11,70
DA:12,70
DA:14,70
DA:22,4
DA:23,4
DA:24,110
DA:25,3
DA:26,3
DA:27,3
DA:28,72
DA:29,286
DA:30,286
DA:31,143
DA:32,143
DA:33,143
DA:35,0
DA:37,514
DA:38,127
DA:39,3
DA:40,2
DA:41,60
DA:43,1
DA:44,0
DA:45,0
DA:46,0
DA:49,3
DA:57,2
DA:58,2
DA:59,2
DA:60,2
DA:61,35
DA:62,68
DA:63,2
DA:71,2
DA:72,2
DA:73,60
DA:74,2
DA:75,2
DA:76,41
DA:77,143
DA:78,257
DA:79,68
DA:80,2
DA:89,1
DA:90,1
DA:91,1
LH:43
LF:47
end_of_record
SF:src/tables.jl
DA:31,22
DA:38,11
DA:39,10
DA:40,10
DA:41,9
DA:42,4
DA:44,16
DA:48,2
DA:49,2
DA:50,2
DA:51,2
DA:52,6
DA:53,6
DA:54,6
DA:55,6
DA:58,11
DA:60,10
DA:61,10
DA:64,51
DA:65,47
DA:67,9
DA:84,2
DA:85,2
DA:86,2
DA:87,2
DA:88,2
DA:89,2
DA:90,2
DA:91,15
DA:92,20
DA:93,20
DA:94,20
DA:95,29
DA:96,24
DA:97,2
DA:106,11
DA:107,9
DA:108,9
DA:109,9
DA:114,15
LH:40
LF:40
end_of_record
SF:src/types.jl
DA:76,2
DA:118,9
DA:125,3
DA:153,1
DA:160,1
LH:5
LF:5
end_of_record
SF:src/utils.jl
DA:11,122
DA:12,61
DA:20,6
DA:21,25558
DA:22,2941
DA:23,2941
DA:25,22617
DA:26,22617
DA:36,48460
DA:37,0
DA:38,48460
DA:39,48460
DA:41,0
DA:50,0
DA:60,32269
DA:61,1
DA:62,2002
DA:69,0
DA:70,0
DA:71,0
DA:72,0
DA:73,0
DA:74,0
DA:75,0
DA:83,88238
DA:84,88238
DA:85,219339
DA:86,219339
DA:87,118132
DA:88,101207
DA:89,91896
DA:91,9311
DA:93,210028
DA:94,78927
DA:104,1291
DA:106,1291
DA:107,6705
DA:108,12119
DA:109,1291
DA:110,5414
DA:111,5414
DA:112,5414
DA:113,12219
DA:114,6805
DA:115,6805
DA:116,6805
DA:117,5414
DA:118,9537
DA:119,1291
DA:121,1301
DA:122,42855
DA:123,42855
DA:124,12236
DA:125,37792
DA:126,25556
DA:127,25556
DA:128,25556
DA:129,12236
DA:130,12236
DA:132,84429
DA:133,1291
DA:145,11
DA:147,11
DA:148,11
DA:149,11
DA:151,11
DA:154,11
DA:155,11
DA:158,11
DA:159,22
DA:160,11
DA:163,11
DA:164,11
DA:166,22
DA:167,11
DA:168,11
DA:169,11
DA:172,11
DA:173,11
DA:176,11
DA:177,620
DA:178,620
DA:179,636
DA:180,1917
DA:181,1917
DA:182,3230
DA:183,620
DA:184,620
DA:185,26150
DA:186,620
DA:187,3350
DA:188,6080
DA:190,11
DA:192,11
DA:193,11
DA:202,3
DA:205,3
DA:207,3
DA:208,3
DA:209,3
DA:210,3
DA:211,9
DA:212,9
DA:213,9
DA:214,9
DA:215,36
DA:217,9
DA:218,15
DA:219,3
DA:228,7
DA:229,7
DA:230,7
DA:233,1
DA:234,1
DA:235,1
DA:238,2
DA:241,2
DA:242,2
DA:255,0
DA:256,0
DA:257,0
DA:259,0
DA:262,0
DA:263,0
DA:264,0
DA:267,0
DA:268,0
DA:269,0
DA:270,0
DA:272,0
DA:273,0
DA:274,0
DA:275,0
DA:276,0
DA:277,0
DA:278,0
DA:279,0
DA:281,0
DA:284,0
DA:285,0
DA:286,0
DA:287,0
DA:296,0
DA:297,0
DA:298,0
DA:299,0
DA:301,0
DA:303,0
LH:108
LF:148
end_of_record
